<?xml version="1.0" encoding="UTF-8"?>
<testsuite name="org.example.CalculadoraDeHipotecaTest" tests="4" skipped="0" failures="0" errors="0" timestamp="2023-10-24T00:35:41" hostname="DESKTOP-DFAJJ7K" time="0.126">
  <properties/>
  <testcase name="calculaHipotecalMensalSemJurosComSucesso()" classname="org.example.CalculadoraDeHipotecaTest" time="0.002"/>
  <testcase name="calculaHipotecaMensalComJurosSemSucesso()" classname="org.example.CalculadoraDeHipotecaTest" time="0.001"/>
  <testcase name="calculaHipotacalMensalComJurosComSucesso()" classname="org.example.CalculadoraDeHipotecaTest" time="0.003"/>
  <testcase name="calculaHipotecaMensalSemJurosSemSucesso()" classname="org.example.CalculadoraDeHipotecaTest" time="0.038"/>
  <system-out><![CDATA[Os valores informados precisam ser positivos
Os valores informados precisam ser positivos
Os valores informados precisam ser positivos
Os valores informados precisam ser positivos
Os valores informados precisam ser positivos
]]></system-out>
  <system-err><![CDATA[]]></system-err>
</testsuite>
